Using pre-set license
Built from '2020.3/china_unity/release' branch; Version is '2020.3.2f1c1 (5fdc1e83a2fd) revision 6282270'; Using compiler version '192528614'; Build Type 'Release'
OS: 'Windows 10 Pro; OS build 19042.1706; Version 2009; 64bit' Language: 'zh' Physical Memory: 16290 MB
BatchMode: 1, IsHumanControllingUs: 0, StartBugReporterOnCrash: 0, Is64bit: 1, IsPro: 0

 COMMAND LINE ARGUMENTS:
F:\unity\2020.3.2f1c1\Editor\Unity.exe
-adb2
-batchMode
-noUpm
-name
AssetImportWorker0
-projectPath
F:/unity pp/Spinner
-logFile
Logs/AssetImportWorker0.log
-srvPort
13690
Successfully changed project path to: F:/unity pp/Spinner
F:/unity pp/Spinner
Using Asset Import Pipeline V2.
Refreshing native plugins compatible for Editor in 39.22 ms, found 1 plugins.
Preloading 0 native plugins for Editor in 0.00 ms.
Initialize engine version: 2020.3.2f1c1 (5fdc1e83a2fd)
[Subsystems] Discovering subsystems at path F:/unity/2020.3.2f1c1/Editor/Data/Resources/UnitySubsystems
[Subsystems] Discovering subsystems at path F:/unity pp/Spinner/Assets
GfxDevice: creating device client; threaded=0
Direct3D:
    Version:  Direct3D 11.0 [level 11.1]
    Renderer: AMD Radeon RX 5600 XT (ID=0x731f)
    Vendor:   
    VRAM:     6103 MB
    Driver:   30.0.21017.1000
Initialize mono
Mono path[0] = 'F:/unity/2020.3.2f1c1/Editor/Data/Managed'
Mono path[1] = 'F:/unity/2020.3.2f1c1/Editor/Data/MonoBleedingEdge/lib/mono/unityjit'
Mono config path = 'F:/unity/2020.3.2f1c1/Editor/Data/MonoBleedingEdge/etc'
Using monoOptions --debugger-agent=transport=dt_socket,embedding=1,server=y,suspend=n,address=127.0.0.1:56216
Begin MonoManager ReloadAssembly
Registering precompiled unity dll's ...
Register platform support module: F:/unity/2020.3.2f1c1/Editor/Data/PlaybackEngines/WindowsStandaloneSupport/UnityEditor.WindowsStandalone.Extensions.dll
Registered in 0.000924 seconds.
Native extension for WindowsStandalone target not found
Refreshing native plugins compatible for Editor in 32.91 ms, found 1 plugins.
Preloading 0 native plugins for Editor in 0.00 ms.
Invoked RoslynAnalysisRunner static constructor.
RoslynAnalysisRunner will not be running.
RoslynAnalysisRunner has terminated.
Mono: successfully reloaded assembly
- Completed reload, in  1.566 seconds
Platform modules already initialized, skipping
Registering precompiled user dll's ...
Registered in 0.000613 seconds.
Begin MonoManager ReloadAssembly
Native extension for WindowsStandalone target not found
Refreshing native plugins compatible for Editor in 41.16 ms, found 1 plugins.
Preloading 0 native plugins for Editor in 0.00 ms.
Invoked RoslynAnalysisRunner static constructor.
RoslynAnalysisRunner will not be running.
RoslynAnalysisRunner has terminated.
Mono: successfully reloaded assembly
- Completed reload, in  0.941 seconds
Platform modules already initialized, skipping
========================================================================
Worker process is ready to serve import requests
Launched and connected shader compiler UnityShaderCompiler.exe after 0.04 seconds
Refreshing native plugins compatible for Editor in 0.35 ms, found 1 plugins.
Preloading 0 native plugins for Editor in 0.00 ms.
Unloading 1811 Unused Serialized files (Serialized files now loaded: 0)
System memory in use before: 87.3 MB.
System memory in use after: 87.4 MB.

Unloading 19 unused Assets to reduce memory usage. Loaded Objects now: 2258.
Total: 1.982000 ms (FindLiveObjects: 0.211100 ms CreateObjectMapping: 0.096600 ms MarkObjects: 1.612400 ms  DeleteObjects: 0.061100 ms)

========================================================================
Received Import Request.
  path: Assets/Image/spinner.png
  artifactKey: Guid(1c5ef44d8f6a5c94e81eda7fd056220e) Importer(815301076,1909f56bfc062723c751e8b465ee728b)
Start importing Assets/Image/spinner.png using Guid(1c5ef44d8f6a5c94e81eda7fd056220e) Importer(815301076,1909f56bfc062723c751e8b465ee728b)  -> (artifact id: '5be5ea6c0144fe9dbd87b6acf034802e') in 0.158557 seconds
  Import took 0.175633 seconds .

========================================================================
Received Prepare
Refreshing native plugins compatible for Editor in 1.15 ms, found 1 plugins.
Preloading 0 native plugins for Editor in 0.00 ms.
Unloading 5 Unused Serialized files (Serialized files now loaded: 0)
System memory in use before: 54.3 MB.
System memory in use after: 54.5 MB.

Unloading 5 unused Assets to reduce memory usage. Loaded Objects now: 2264.
Total: 2.676400 ms (FindLiveObjects: 0.402400 ms CreateObjectMapping: 0.080900 ms MarkObjects: 2.169500 ms  DeleteObjects: 0.021200 ms)

========================================================================
Received Prepare
Refreshing native plugins compatible for Editor in 1.16 ms, found 1 plugins.
Preloading 0 native plugins for Editor in 0.00 ms.
Unloading 5 Unused Serialized files (Serialized files now loaded: 0)
System memory in use before: 54.3 MB.
System memory in use after: 54.5 MB.

Unloading 5 unused Assets to reduce memory usage. Loaded Objects now: 2264.
Total: 2.740600 ms (FindLiveObjects: 0.209800 ms CreateObjectMapping: 0.058200 ms MarkObjects: 2.452100 ms  DeleteObjects: 0.018700 ms)

========================================================================
Received Prepare
Refreshing native plugins compatible for Editor in 1.16 ms, found 1 plugins.
Preloading 0 native plugins for Editor in 0.00 ms.
Unloading 5 Unused Serialized files (Serialized files now loaded: 0)
System memory in use before: 54.3 MB.
System memory in use after: 54.5 MB.

Unloading 5 unused Assets to reduce memory usage. Loaded Objects now: 2264.
Total: 2.895600 ms (FindLiveObjects: 0.292300 ms CreateObjectMapping: 0.092100 ms MarkObjects: 2.491000 ms  DeleteObjects: 0.018500 ms)

AssetImportWorkerClient::OnTransportError - code=2 error=End of file
